Using pre-set license
Built from '2020.3/staging' branch; Version is '2020.3.17f1 (a4537701e4ab) revision 10769271'; Using compiler version '192528614'; Build Type 'Release'
OS: 'Windows 10 Pro; OS build 19044.2130; Version 2009; 64bit' Language: 'en' Physical Memory: 32678 MB
BatchMode: 1, IsHumanControllingUs: 0, StartBugReporterOnCrash: 0, Is64bit: 1, IsPro: 0

COMMAND LINE ARGUMENTS:
C:\Program Files\Unity\Hub\Editor\2020.3.17f1\Editor\Unity.exe
-adb2
-batchMode
-noUpm
-name
AssetImportWorker0
-projectPath
F:/Github/Space-SHMUP-Prototype-2/Space SHMUP Prototype
-logFile
Logs/AssetImportWorker0.log
-srvPort
57141
Successfully changed project path to: F:/Github/Space-SHMUP-Prototype-2/Space SHMUP Prototype
F:/Github/Space-SHMUP-Prototype-2/Space SHMUP Prototype
Using Asset Import Pipeline V2.
Refreshing native plugins compatible for Editor in 24.31 ms, found 2 plugins.
Preloading 0 native plugins for Editor in 0.00 ms.
Initialize engine version: 2020.3.17f1 (a4537701e4ab)
[Subsystems] Discovering subsystems at path C:/Program Files/Unity/Hub/Editor/2020.3.17f1/Editor/Data/Resources/UnitySubsystems
[Subsystems] Discovering subsystems at path F:/Github/Space-SHMUP-Prototype-2/Space SHMUP Prototype/Assets
GfxDevice: creating device client; threaded=0
Direct3D:
    Version:  Direct3D 11.0 [level 11.1]
    Renderer: Radeon RX 580 Series (ID=0x67df)
    Vendor:   
    VRAM:     8170 MB
    Driver:   31.0.12019.11001
Initialize mono
Mono path[0] = 'C:/Program Files/Unity/Hub/Editor/2020.3.17f1/Editor/Data/Managed'
Mono path[1] = 'C:/Program Files/Unity/Hub/Editor/2020.3.17f1/Editor/Data/MonoBleedingEdge/lib/mono/unityjit'
Mono config path = 'C:/Program Files/Unity/Hub/Editor/2020.3.17f1/Editor/Data/MonoBleedingEdge/etc'
Using monoOptions --debugger-agent=transport=dt_socket,embedding=1,server=y,suspend=n,address=127.0.0.1:56988
Begin MonoManager ReloadAssembly
Registering precompiled unity dll's ...
Register platform support module: C:/Program Files/Unity/Hub/Editor/2020.3.17f1/Editor/Data/PlaybackEngines/WebGLSupport/UnityEditor.WebGL.Extensions.dll
Register platform support module: C:/Program Files/Unity/Hub/Editor/2020.3.17f1/Editor/Data/PlaybackEngines/WindowsStandaloneSupport/UnityEditor.WindowsStandalone.Extensions.dll
Registered in 0.002144 seconds.
Native extension for WindowsStandalone target not found
Native extension for WebGL target not found
Refreshing native plugins compatible for Editor in 23.88 ms, found 2 plugins.
Preloading 0 native plugins for Editor in 0.00 ms.
Mono: successfully reloaded assembly
- Completed reload, in  1.018 seconds
Domain Reload Profiling:
	ReloadAssembly (1019ms)
		BeginReloadAssembly (44ms)
			ExecutionOrderSort (0ms)
			DisableScriptedObjects (0ms)
			BackupInstance (0ms)
			ReleaseScriptingObjects (0ms)
			CreateAndSetChildDomain (1ms)
		EndReloadAssembly (333ms)
			LoadAssemblies (42ms)
			RebuildTransferFunctionScriptingTraits (0ms)
			SetupTypeCache (123ms)
			ReleaseScriptCaches (0ms)
			RebuildScriptCaches (25ms)
			SetupLoadedEditorAssemblies (124ms)
				LogAssemblyErrors (0ms)
				InitializePlatformSupportModulesInManaged (4ms)
				SetLoadedEditorAssemblies (0ms)
				RefreshPlugins (24ms)
				BeforeProcessingInitializeOnLoad (7ms)
				ProcessInitializeOnLoadAttributes (65ms)
				ProcessInitializeOnLoadMethodAttributes (23ms)
				AfterProcessingInitializeOnLoad (0ms)
				EditorAssembliesLoaded (0ms)
			ExecutionOrderSort2 (0ms)
			AwakeInstancesAfterBackupRestoration (0ms)
Platform modules already initialized, skipping
Registering precompiled user dll's ...
Registered in 0.002569 seconds.
Begin MonoManager ReloadAssembly
Native extension for WindowsStandalone target not found
Native extension for WebGL target not found
Refreshing native plugins compatible for Editor in 0.37 ms, found 2 plugins.
Preloading 0 native plugins for Editor in 0.00 ms.
Mono: successfully reloaded assembly
- Completed reload, in  0.849 seconds
Domain Reload Profiling:
	ReloadAssembly (849ms)
		BeginReloadAssembly (119ms)
			ExecutionOrderSort (0ms)
			DisableScriptedObjects (4ms)
			BackupInstance (0ms)
			ReleaseScriptingObjects (0ms)
			CreateAndSetChildDomain (18ms)
		EndReloadAssembly (676ms)
			LoadAssemblies (67ms)
			RebuildTransferFunctionScriptingTraits (0ms)
			SetupTypeCache (212ms)
			ReleaseScriptCaches (0ms)
			RebuildScriptCaches (34ms)
			SetupLoadedEditorAssemblies (286ms)
				LogAssemblyErrors (0ms)
				InitializePlatformSupportModulesInManaged (5ms)
				SetLoadedEditorAssemblies (0ms)
				RefreshPlugins (0ms)
				BeforeProcessingInitializeOnLoad (42ms)
				ProcessInitializeOnLoadAttributes (229ms)
				ProcessInitializeOnLoadMethodAttributes (3ms)
				AfterProcessingInitializeOnLoad (6ms)
				EditorAssembliesLoaded (0ms)
			ExecutionOrderSort2 (0ms)
			AwakeInstancesAfterBackupRestoration (5ms)
Platform modules already initialized, skipping
========================================================================
Worker process is ready to serve import requests
Launched and connected shader compiler UnityShaderCompiler.exe after 0.04 seconds
Refreshing native plugins compatible for Editor in 0.49 ms, found 2 plugins.
Preloading 0 native plugins for Editor in 0.00 ms.
Unloading 1404 Unused Serialized files (Serialized files now loaded: 0)
System memory in use before: 65.1 MB.
System memory in use after: 65.2 MB.

Unloading 18 unused Assets to reduce memory usage. Loaded Objects now: 1837.
Total: 2.767000 ms (FindLiveObjects: 0.156100 ms CreateObjectMapping: 0.032300 ms MarkObjects: 2.510500 ms  DeleteObjects: 0.066800 ms)

AssetImportParameters requested are different than current active one (requested -> active):
  custom:framework-win-MediaFoundation: 216162199b28c13a410421893ffa2e32 -> 
  custom:video-decoder-ogg-theora: a1e56fd34408186e4bbccfd4996cb3dc -> 
  custom:container-muxer-webm: aa71ff27fc2769a1b78a27578f13a17b -> 
  custom:container-demuxer-webm: 4f35f7cbe854078d1ac9338744f61a02 -> 
  custom:container-demuxer-ogg: 62fdf1f143b41e24485cea50d1cbac27 -> 
  custom:video-encoder-webm-vp8: eb34c28f22e8b96e1ab97ce403110664 -> 
  custom:video-decoder-webm-vp8: 9c59270c3fd7afecdb556c50c9e8de78 -> 
  custom:audio-decoder-ogg-vorbis: bf7c407c2cedff20999df2af8eb42d56 -> 
  custom:audio-encoder-webm-vorbis: bf7c407c2cedff20999df2af8eb42d56 -> 
========================================================================
Received Import Request.
  path: Assets/EnemyMat_2.mat
  artifactKey: Guid(702724d84e02ad544af65cbd018b63dd) Importer(815301076,1909f56bfc062723c751e8b465ee728b)
Start importing Assets/EnemyMat_2.mat using Guid(702724d84e02ad544af65cbd018b63dd) Importer(815301076,1909f56bfc062723c751e8b465ee728b)  -> (artifact id: '76e2b654182a81ec0afc79db3539d4db') in 0.270595 seconds 
  Import took 0.272779 seconds .

========================================================================
Received Import Request.
  Time since last request: 0.000224 seconds.
  path: Assets/EnemyMat_1.mat
  artifactKey: Guid(9e560e18e45f9744195ecf8b5e3c5e78) Importer(815301076,1909f56bfc062723c751e8b465ee728b)
Start importing Assets/EnemyMat_1.mat using Guid(9e560e18e45f9744195ecf8b5e3c5e78) Importer(815301076,1909f56bfc062723c751e8b465ee728b)  -> (artifact id: '9a8fd3c0a5d62bc8306b9ec56be6baba') in 0.009639 seconds 
  Import took 0.011452 seconds .

========================================================================
Received Import Request.
  Time since last request: 0.000208 seconds.
  path: Assets/EnemyMat_0.mat
  artifactKey: Guid(30479aa736a475348a394e6c9f21e7b9) Importer(815301076,1909f56bfc062723c751e8b465ee728b)
Start importing Assets/EnemyMat_0.mat using Guid(30479aa736a475348a394e6c9f21e7b9) Importer(815301076,1909f56bfc062723c751e8b465ee728b)  -> (artifact id: '301eec2435a2a3037dc352e1ad8573ed') in 0.006922 seconds 
  Import took 0.008762 seconds .

========================================================================
Received Import Request.
  Time since last request: 53.128766 seconds.
  path: Assets/Scenes
  artifactKey: Guid(933bc2aad714a0745bab38d41faa3b52) Importer(815301076,1909f56bfc062723c751e8b465ee728b)
Start importing Assets/Scenes using Guid(933bc2aad714a0745bab38d41faa3b52) Importer(815301076,1909f56bfc062723c751e8b465ee728b)  -> (artifact id: 'f5abaf80a4a3497b0fae74cd401a8ac4') in 0.001320 seconds 
  Import took 0.003212 seconds .

========================================================================
Received Import Request.
  Time since last request: 0.010747 seconds.
  path: Assets/Scenes
  artifactKey: Guid(933bc2aad714a0745bab38d41faa3b52) Importer(815301076,1909f56bfc062723c751e8b465ee728b)
Start importing Assets/Scenes using Guid(933bc2aad714a0745bab38d41faa3b52) Importer(815301076,1909f56bfc062723c751e8b465ee728b)  -> (artifact id: 'f5abaf80a4a3497b0fae74cd401a8ac4') in 0.001308 seconds 
  Import took 0.002675 seconds .

========================================================================
Received Import Request.
  Time since last request: 1.159590 seconds.
  path: Assets/Scenes/SampleScene.unity
  artifactKey: Guid(9fc0d4010bbf28b4594072e72b8655ab) Importer(815301076,1909f56bfc062723c751e8b465ee728b)
Start importing Assets/Scenes/SampleScene.unity using Guid(9fc0d4010bbf28b4594072e72b8655ab) Importer(815301076,1909f56bfc062723c751e8b465ee728b)  -> (artifact id: 'dcc088d1731b590f9572c6f2bab98c6a') in 0.001642 seconds 
  Import took 0.003652 seconds .

========================================================================
Received Import Request.
  Time since last request: 0.692221 seconds.
  path: Assets/Scenes/_Scene_1.unity
  artifactKey: Guid(501c2ba1dbec75c419293201d77e978f) Importer(815301076,1909f56bfc062723c751e8b465ee728b)
Start importing Assets/Scenes/_Scene_1.unity using Guid(501c2ba1dbec75c419293201d77e978f) Importer(815301076,1909f56bfc062723c751e8b465ee728b)  -> (artifact id: 'a86e23756405d6b8642dcdbad3dd91fb') in 0.001663 seconds 
  Import took 0.003593 seconds .

========================================================================
Received Prepare
Registering precompiled user dll's ...
Registered in 0.002502 seconds.
Begin MonoManager ReloadAssembly
Native extension for WindowsStandalone target not found
Native extension for WebGL target not found
Refreshing native plugins compatible for Editor in 0.40 ms, found 2 plugins.
Preloading 0 native plugins for Editor in 0.00 ms.
Mono: successfully reloaded assembly
- Completed reload, in  0.853 seconds
Domain Reload Profiling:
	ReloadAssembly (854ms)
		BeginReloadAssembly (90ms)
			ExecutionOrderSort (0ms)
			DisableScriptedObjects (3ms)
			BackupInstance (0ms)
			ReleaseScriptingObjects (0ms)
			CreateAndSetChildDomain (30ms)
		EndReloadAssembly (709ms)
			LoadAssemblies (68ms)
			RebuildTransferFunctionScriptingTraits (0ms)
			SetupTypeCache (210ms)
			ReleaseScriptCaches (1ms)
			RebuildScriptCaches (30ms)
			SetupLoadedEditorAssemblies (283ms)
				LogAssemblyErrors (0ms)
				InitializePlatformSupportModulesInManaged (5ms)
				SetLoadedEditorAssemblies (0ms)
				RefreshPlugins (0ms)
				BeforeProcessingInitializeOnLoad (40ms)
				ProcessInitializeOnLoadAttributes (228ms)
				ProcessInitializeOnLoadMethodAttributes (3ms)
				AfterProcessingInitializeOnLoad (6ms)
				EditorAssembliesLoaded (0ms)
			ExecutionOrderSort2 (0ms)
			AwakeInstancesAfterBackupRestoration (5ms)
Platform modules already initialized, skipping
Refreshing native plugins compatible for Editor in 0.22 ms, found 2 plugins.
Preloading 0 native plugins for Editor in 0.00 ms.
Unloading 1397 Unused Serialized files (Serialized files now loaded: 0)
System memory in use before: 68.2 MB.
System memory in use after: 68.3 MB.

Unloading 13 unused Assets to reduce memory usage. Loaded Objects now: 1879.
Total: 2.828600 ms (FindLiveObjects: 0.169400 ms CreateObjectMapping: 0.031300 ms MarkObjects: 2.599300 ms  DeleteObjects: 0.027100 ms)

AssetImportParameters requested are different than current active one (requested -> active):
  custom:framework-win-MediaFoundation: 216162199b28c13a410421893ffa2e32 -> 
  custom:video-decoder-ogg-theora: a1e56fd34408186e4bbccfd4996cb3dc -> 
  custom:container-muxer-webm: aa71ff27fc2769a1b78a27578f13a17b -> 
  custom:container-demuxer-webm: 4f35f7cbe854078d1ac9338744f61a02 -> 
  custom:container-demuxer-ogg: 62fdf1f143b41e24485cea50d1cbac27 -> 
  custom:video-encoder-webm-vp8: eb34c28f22e8b96e1ab97ce403110664 -> 
  custom:video-decoder-webm-vp8: 9c59270c3fd7afecdb556c50c9e8de78 -> 
  custom:audio-decoder-ogg-vorbis: bf7c407c2cedff20999df2af8eb42d56 -> 
  custom:audio-encoder-webm-vorbis: bf7c407c2cedff20999df2af8eb42d56 -> 
========================================================================
Received Import Request.
  Time since last request: 63.181608 seconds.
  path: Assets/_Materials/Mat_Projectile.mat
  artifactKey: Guid(17f41b7dbc94f0c48a8995385fc35e52) Importer(815301076,1909f56bfc062723c751e8b465ee728b)
Start importing Assets/_Materials/Mat_Projectile.mat using Guid(17f41b7dbc94f0c48a8995385fc35e52) Importer(815301076,1909f56bfc062723c751e8b465ee728b)  -> (artifact id: 'deed661b018580c2157d14f57aa4784d') in 0.047307 seconds 
  Import took 0.049740 seconds .

========================================================================
Received Import Request.
  Time since last request: 0.000176 seconds.
  path: Assets/_Materials/Shields.psd
  artifactKey: Guid(63397e36b72de43d6bbd80825fdcae80) Importer(815301076,1909f56bfc062723c751e8b465ee728b)
Start importing Assets/_Materials/Shields.psd using Guid(63397e36b72de43d6bbd80825fdcae80) Importer(815301076,1909f56bfc062723c751e8b465ee728b)  -> (artifact id: '96309992cb5fe5216e68481abc37fb26') in 0.011962 seconds 
  Import took 0.013872 seconds .

========================================================================
Received Import Request.
  Time since last request: 0.000187 seconds.
  path: Assets/_Materials/Mat_Shield.mat
  artifactKey: Guid(e0369e151a7ec024fbc851c3c2236068) Importer(815301076,1909f56bfc062723c751e8b465ee728b)
Start importing Assets/_Materials/Mat_Shield.mat using Guid(e0369e151a7ec024fbc851c3c2236068) Importer(815301076,1909f56bfc062723c751e8b465ee728b)  -> (artifact id: '859edb02df0e7c92746e4046e05d486e') in 0.009126 seconds 
  Import took 0.011433 seconds .

========================================================================
Received Import Request.
  Time since last request: 0.000220 seconds.
  path: Assets/_Materials/Space_Transparent.png
  artifactKey: Guid(453afbaa9f90a42ca875148705ae1b37) Importer(815301076,1909f56bfc062723c751e8b465ee728b)
Start importing Assets/_Materials/Space_Transparent.png using Guid(453afbaa9f90a42ca875148705ae1b37) Importer(815301076,1909f56bfc062723c751e8b465ee728b)  -> (artifact id: '28de42a230474228f402a17f42df1a11') in 0.033807 seconds 
  Import took 0.035898 seconds .

========================================================================
Received Import Request.
  Time since last request: 0.000208 seconds.
  path: Assets/_Materials/PowerUp.psd
  artifactKey: Guid(362efc7b3a9114f38844f4f441def1c0) Importer(815301076,1909f56bfc062723c751e8b465ee728b)
Start importing Assets/_Materials/PowerUp.psd using Guid(362efc7b3a9114f38844f4f441def1c0) Importer(815301076,1909f56bfc062723c751e8b465ee728b)  -> (artifact id: 'ad65994f71705bd53a0b3104e2b0a814') in 0.004812 seconds 
  Import took 0.007127 seconds .

========================================================================
Received Import Request.
  Time since last request: 0.000165 seconds.
  path: Assets/_Materials/Space.png
  artifactKey: Guid(16fe961f69e834ee58da3c7a14d05a3d) Importer(815301076,1909f56bfc062723c751e8b465ee728b)
Start importing Assets/_Materials/Space.png using Guid(16fe961f69e834ee58da3c7a14d05a3d) Importer(815301076,1909f56bfc062723c751e8b465ee728b)  -> (artifact id: '399942da30239dfa5324d20ff6dfa466') in 0.005320 seconds 
  Import took 0.007244 seconds .

========================================================================
Received Import Request.
  Time since last request: 2.903420 seconds.
  path: Assets/_Prefabs/Enemy_0.prefab
  artifactKey: Guid(ba62f1002a3a6f14aae5d2c36a99882e) Importer(815301076,1909f56bfc062723c751e8b465ee728b)
Start importing Assets/_Prefabs/Enemy_0.prefab using Guid(ba62f1002a3a6f14aae5d2c36a99882e) Importer(815301076,1909f56bfc062723c751e8b465ee728b)  -> (artifact id: '6f87fdd5b25c9ebcb08f6a7c5e2a485a') in 0.018668 seconds 
  Import took 0.021081 seconds .

========================================================================
Received Import Request.
  Time since last request: 0.000180 seconds.
  path: Assets/_Prefabs/TestMat.mat
  artifactKey: Guid(080f4c0d34abfca4084e6b7d5f16de2d) Importer(815301076,1909f56bfc062723c751e8b465ee728b)
Start importing Assets/_Prefabs/TestMat.mat using Guid(080f4c0d34abfca4084e6b7d5f16de2d) Importer(815301076,1909f56bfc062723c751e8b465ee728b)  -> (artifact id: '64ead5c1a7610702b3470757fcf19515') in 0.007790 seconds 
  Import took 0.009790 seconds .

========================================================================
Received Import Request.
  Time since last request: 0.000184 seconds.
  path: Assets/_Prefabs/Enemy_1.prefab
  artifactKey: Guid(586a997e846330142924f9d421e391ae) Importer(815301076,1909f56bfc062723c751e8b465ee728b)
Start importing Assets/_Prefabs/Enemy_1.prefab using Guid(586a997e846330142924f9d421e391ae) Importer(815301076,1909f56bfc062723c751e8b465ee728b)  -> (artifact id: 'aada1837a3065c474edcd8e216a3830c') in 0.009174 seconds 
  Import took 0.011226 seconds .

========================================================================
Received Import Request.
  Time since last request: 0.000203 seconds.
  path: Assets/_Prefabs/Enemy_2.prefab
  artifactKey: Guid(5b2fca35ff8df5e4590bd2ac0e516c86) Importer(815301076,1909f56bfc062723c751e8b465ee728b)
Start importing Assets/_Prefabs/Enemy_2.prefab using Guid(5b2fca35ff8df5e4590bd2ac0e516c86) Importer(815301076,1909f56bfc062723c751e8b465ee728b)  -> (artifact id: '4b1fef6f1b0f46a207b61705bf8f8f91') in 0.007156 seconds 
  Import took 0.009386 seconds .

========================================================================
Received Import Request.
  Time since last request: 0.000171 seconds.
  path: Assets/_Prefabs/ProjectileHero.prefab
  artifactKey: Guid(1f58c4789d8a14a4e87792825d8d7004) Importer(815301076,1909f56bfc062723c751e8b465ee728b)
Start importing Assets/_Prefabs/ProjectileHero.prefab using Guid(1f58c4789d8a14a4e87792825d8d7004) Importer(815301076,1909f56bfc062723c751e8b465ee728b)  -> (artifact id: '6dee11caefe1fce0a6e9e97f037ae226') in 0.006620 seconds 
  Import took 0.008530 seconds .

========================================================================
Received Import Request.
  Time since last request: 0.000197 seconds.
  path: Assets/_Prefabs/Enemy_4.prefab
  artifactKey: Guid(9ee6b93342ea3e44882660f60a41c9dd) Importer(815301076,1909f56bfc062723c751e8b465ee728b)
Start importing Assets/_Prefabs/Enemy_4.prefab using Guid(9ee6b93342ea3e44882660f60a41c9dd) Importer(815301076,1909f56bfc062723c751e8b465ee728b)  -> (artifact id: '6a62e78c098d31c4517801a015527e3e') in 0.008023 seconds 
  Import took 0.010091 seconds .

========================================================================
Received Import Request.
  Time since last request: 0.000167 seconds.
  path: Assets/_Prefabs/Enemy_3.prefab
  artifactKey: Guid(ca619f2bc88bf964699fc92b6108b8b9) Importer(815301076,1909f56bfc062723c751e8b465ee728b)
Start importing Assets/_Prefabs/Enemy_3.prefab using Guid(ca619f2bc88bf964699fc92b6108b8b9) Importer(815301076,1909f56bfc062723c751e8b465ee728b)  -> (artifact id: '691a696e29c729929474b3b3c4169cb5') in 0.006837 seconds 
  Import took 0.008850 seconds .

========================================================================
Received Import Request.
  Time since last request: 91.155992 seconds.
  path: Assets/_Prefabs/Enemy_2.prefab
  artifactKey: Guid(5b2fca35ff8df5e4590bd2ac0e516c86) Importer(815301076,1909f56bfc062723c751e8b465ee728b)
Start importing Assets/_Prefabs/Enemy_2.prefab using Guid(5b2fca35ff8df5e4590bd2ac0e516c86) Importer(815301076,1909f56bfc062723c751e8b465ee728b)  -> (artifact id: '6e02d7731ab49505b5ef886a478d73c9') in 0.008903 seconds 
  Import took 0.011375 seconds .

========================================================================
Received Import Request.
  Time since last request: 7.835715 seconds.
  path: Assets/_Prefabs/Enemy_4.prefab
  artifactKey: Guid(9ee6b93342ea3e44882660f60a41c9dd) Importer(815301076,1909f56bfc062723c751e8b465ee728b)
Start importing Assets/_Prefabs/Enemy_4.prefab using Guid(9ee6b93342ea3e44882660f60a41c9dd) Importer(815301076,1909f56bfc062723c751e8b465ee728b)  -> (artifact id: 'c9ee299ce84dbffbf67f0a3f7308ce76') in 0.008671 seconds 
  Import took 0.011134 seconds .

========================================================================
Received Import Request.
  Time since last request: 6.983801 seconds.
  path: Assets/_Prefabs/Enemy_3.prefab
  artifactKey: Guid(ca619f2bc88bf964699fc92b6108b8b9) Importer(815301076,1909f56bfc062723c751e8b465ee728b)
Start importing Assets/_Prefabs/Enemy_3.prefab using Guid(ca619f2bc88bf964699fc92b6108b8b9) Importer(815301076,1909f56bfc062723c751e8b465ee728b)  -> (artifact id: 'ff85a6605046b7316df2c23f093a835f') in 0.006736 seconds 
  Import took 0.009109 seconds .

========================================================================
Received Import Request.
  Time since last request: 4.984602 seconds.
  path: Assets/_Prefabs/Enemy_1.prefab
  artifactKey: Guid(586a997e846330142924f9d421e391ae) Importer(815301076,1909f56bfc062723c751e8b465ee728b)
Start importing Assets/_Prefabs/Enemy_1.prefab using Guid(586a997e846330142924f9d421e391ae) Importer(815301076,1909f56bfc062723c751e8b465ee728b)  -> (artifact id: 'ab15632b0ac488285cc503790b398bba') in 0.006711 seconds 
  Import took 0.009005 seconds .

========================================================================
Received Import Request.
  Time since last request: 2.244696 seconds.
  path: Assets/_Prefabs/Enemy_0.prefab
  artifactKey: Guid(ba62f1002a3a6f14aae5d2c36a99882e) Importer(815301076,1909f56bfc062723c751e8b465ee728b)
Start importing Assets/_Prefabs/Enemy_0.prefab using Guid(ba62f1002a3a6f14aae5d2c36a99882e) Importer(815301076,1909f56bfc062723c751e8b465ee728b)  -> (artifact id: 'f1a86cf6501db9b1a26ddad6153ba516') in 0.006290 seconds 
  Import took 0.008693 seconds .

========================================================================
Received Prepare
Registering precompiled user dll's ...
Registered in 0.002467 seconds.
Begin MonoManager ReloadAssembly
Native extension for WindowsStandalone target not found
Native extension for WebGL target not found
Refreshing native plugins compatible for Editor in 0.38 ms, found 2 plugins.
Preloading 0 native plugins for Editor in 0.00 ms.
Mono: successfully reloaded assembly
- Completed reload, in  0.772 seconds
Domain Reload Profiling:
	ReloadAssembly (772ms)
		BeginReloadAssembly (85ms)
			ExecutionOrderSort (0ms)
			DisableScriptedObjects (3ms)
			BackupInstance (0ms)
			ReleaseScriptingObjects (0ms)
			CreateAndSetChildDomain (28ms)
		EndReloadAssembly (636ms)
			LoadAssemblies (65ms)
			RebuildTransferFunctionScriptingTraits (0ms)
			SetupTypeCache (201ms)
			ReleaseScriptCaches (1ms)
			RebuildScriptCaches (30ms)
			SetupLoadedEditorAssemblies (265ms)
				LogAssemblyErrors (0ms)
				InitializePlatformSupportModulesInManaged (5ms)
				SetLoadedEditorAssemblies (0ms)
				RefreshPlugins (0ms)
				BeforeProcessingInitializeOnLoad (39ms)
				ProcessInitializeOnLoadAttributes (212ms)
				ProcessInitializeOnLoadMethodAttributes (3ms)
				AfterProcessingInitializeOnLoad (6ms)
				EditorAssembliesLoaded (0ms)
			ExecutionOrderSort2 (0ms)
			AwakeInstancesAfterBackupRestoration (5ms)
Platform modules already initialized, skipping
Refreshing native plugins compatible for Editor in 0.28 ms, found 2 plugins.
Preloading 0 native plugins for Editor in 0.00 ms.
Unloading 1397 Unused Serialized files (Serialized files now loaded: 0)
System memory in use before: 68.3 MB.
System memory in use after: 68.4 MB.

Unloading 14 unused Assets to reduce memory usage. Loaded Objects now: 1887.
Total: 2.769500 ms (FindLiveObjects: 0.175300 ms CreateObjectMapping: 0.034800 ms MarkObjects: 2.529600 ms  DeleteObjects: 0.028800 ms)

AssetImportParameters requested are different than current active one (requested -> active):
  custom:framework-win-MediaFoundation: 216162199b28c13a410421893ffa2e32 -> 
  custom:video-decoder-ogg-theora: a1e56fd34408186e4bbccfd4996cb3dc -> 
  custom:container-muxer-webm: aa71ff27fc2769a1b78a27578f13a17b -> 
  custom:container-demuxer-webm: 4f35f7cbe854078d1ac9338744f61a02 -> 
  custom:container-demuxer-ogg: 62fdf1f143b41e24485cea50d1cbac27 -> 
  custom:video-encoder-webm-vp8: eb34c28f22e8b96e1ab97ce403110664 -> 
  custom:video-decoder-webm-vp8: 9c59270c3fd7afecdb556c50c9e8de78 -> 
  custom:audio-decoder-ogg-vorbis: bf7c407c2cedff20999df2af8eb42d56 -> 
  custom:audio-encoder-webm-vorbis: bf7c407c2cedff20999df2af8eb42d56 -> 
AssetImportWorkerClient::OnTransportError - code=2 error=End of file
